This is pdfTeX, Version 3.141592653-2.6-1.40.25 (TeX Live 2023) (preloaded format=pdflatex 2023.10.9)  19 FEB 2024 11:58
entering extended mode
 restricted \write18 enabled.
 %&-line parsing enabled.
**"report_19_09 (1).tex"
(./report_19_09 (1).tex
LaTeX2e <2023-06-01> patch level 1
L3 programming layer <2023-08-29>
(c:/texlive/2023/texmf-dist/tex/latex/base/article.cls
Document Class: article 2023/05/17 v1.4n Standard LaTeX document class
(c:/texlive/2023/texmf-dist/tex/latex/base/size11.clo
File: size11.clo 2023/05/17 v1.4n Standard LaTeX file (size option)
)
\c@part=\count185
\c@section=\count186
\c@subsection=\count187
\c@subsubsection=\count188
\c@paragraph=\count189
\c@subparagraph=\count190
\c@figure=\count191
\c@table=\count192
\abovecaptionskip=\skip48
\belowcaptionskip=\skip49
\bibindent=\dimen140
)
(c:/texlive/2023/texmf-dist/tex/latex/base/inputenc.sty
Package: inputenc 2021/02/14 v1.3d Input encoding file
\inpenc@prehook=\toks17
\inpenc@posthook=\toks18

(c:/texlive/2023/texmf-dist/tex/latex/cyrillic/cp1251.def
File: cp1251.def 2022/06/11 v1.0e Input encoding file
))
(c:/texlive/2023/texmf-dist/tex/generic/babel/babel.sty
Package: babel 2023/09/29 v3.95 The Babel package
\babel@savecnt=\count193
\U@D=\dimen141
\l@unhyphenated=\language89

(c:/texlive/2023/texmf-dist/tex/generic/babel/txtbabel.def)
\bbl@readstream=\read2
\bbl@dirlevel=\count194

(c:/texlive/2023/texmf-dist/tex/generic/babel-english/english.ldf
Language: english 2017/06/06 v3.3r English support from the babel system
Package babel Info: Hyphen rules for 'canadian' set to \l@english
(babel)             (\language0). Reported on input line 102.
Package babel Info: Hyphen rules for 'australian' set to \l@ukenglish
(babel)             (\language23). Reported on input line 105.
Package babel Info: Hyphen rules for 'newzealand' set to \l@ukenglish
(babel)             (\language23). Reported on input line 108.
)
(c:/texlive/2023/texmf-dist/tex/generic/babel-russian/russianb.ldf
File: russianb.ldf 2021/01/10 1.3m Russian support for the Babel system
Language: russian 2020/09/09 1.3k Russian support for the Babel system


Package babel Warning: No Cyrillic font encoding has been loaded so far.
(babel)                A font encoding should be declared before babel.
(babel)                Default `T2A' encoding will be loaded  on input line 78.


(c:/texlive/2023/texmf-dist/tex/latex/cyrillic/t2aenc.def
File: t2aenc.def 2022/06/11 v1.0j Cyrillic encoding definition file
Now handling font encoding T2A ...
... processing UTF-8 mapping file for font encoding T2A

(c:/texlive/2023/texmf-dist/tex/latex/base/t2aenc.dfu
File: t2aenc.dfu 2022/06/07 v1.3c UTF-8 support
   defining Unicode char U+00A4 (decimal 164)
   defining Unicode char U+00A7 (decimal 167)
   defining Unicode char U+00AB (decimal 171)
   defining Unicode char U+00BB (decimal 187)
   defining Unicode char U+0131 (decimal 305)
   defining Unicode char U+0237 (decimal 567)
   defining Unicode char U+0400 (decimal 1024)
   defining Unicode char U+0401 (decimal 1025)
   defining Unicode char U+0402 (decimal 1026)
   defining Unicode char U+0403 (decimal 1027)
   defining Unicode char U+0404 (decimal 1028)
   defining Unicode char U+0405 (decimal 1029)
   defining Unicode char U+0406 (decimal 1030)
   defining Unicode char U+0407 (decimal 1031)
   defining Unicode char U+0408 (decimal 1032)
   defining Unicode char U+0409 (decimal 1033)
   defining Unicode char U+040A (decimal 1034)
   defining Unicode char U+040B (decimal 1035)
   defining Unicode char U+040C (decimal 1036)
   defining Unicode char U+040D (decimal 1037)
   defining Unicode char U+040E (decimal 1038)
   defining Unicode char U+040F (decimal 1039)
   defining Unicode char U+0410 (decimal 1040)
   defining Unicode char U+0411 (decimal 1041)
   defining Unicode char U+0412 (decimal 1042)
   defining Unicode char U+0413 (decimal 1043)
   defining Unicode char U+0414 (decimal 1044)
   defining Unicode char U+0415 (decimal 1045)
   defining Unicode char U+0416 (decimal 1046)
   defining Unicode char U+0417 (decimal 1047)
   defining Unicode char U+0418 (decimal 1048)
   defining Unicode char U+0419 (decimal 1049)
   defining Unicode char U+041A (decimal 1050)
   defining Unicode char U+041B (decimal 1051)
   defining Unicode char U+041C (decimal 1052)
   defining Unicode char U+041D (decimal 1053)
   defining Unicode char U+041E (decimal 1054)
   defining Unicode char U+041F (decimal 1055)
   defining Unicode char U+0420 (decimal 1056)
   defining Unicode char U+0421 (decimal 1057)
   defining Unicode char U+0422 (decimal 1058)
   defining Unicode char U+0423 (decimal 1059)
   defining Unicode char U+0424 (decimal 1060)
   defining Unicode char U+0425 (decimal 1061)
   defining Unicode char U+0426 (decimal 1062)
   defining Unicode char U+0427 (decimal 1063)
   defining Unicode char U+0428 (decimal 1064)
   defining Unicode char U+0429 (decimal 1065)
   defining Unicode char U+042A (decimal 1066)
   defining Unicode char U+042B (decimal 1067)
   defining Unicode char U+042C (decimal 1068)
   defining Unicode char U+042D (decimal 1069)
   defining Unicode char U+042E (decimal 1070)
   defining Unicode char U+042F (decimal 1071)
   defining Unicode char U+0430 (decimal 1072)
   defining Unicode char U+0431 (decimal 1073)
   defining Unicode char U+0432 (decimal 1074)
   defining Unicode char U+0433 (decimal 1075)
   defining Unicode char U+0434 (decimal 1076)
   defining Unicode char U+0435 (decimal 1077)
   defining Unicode char U+0436 (decimal 1078)
   defining Unicode char U+0437 (decimal 1079)
   defining Unicode char U+0438 (decimal 1080)
   defining Unicode char U+0439 (decimal 1081)
   defining Unicode char U+043A (decimal 1082)
   defining Unicode char U+043B (decimal 1083)
   defining Unicode char U+043C (decimal 1084)
   defining Unicode char U+043D (decimal 1085)
   defining Unicode char U+043E (decimal 1086)
   defining Unicode char U+043F (decimal 1087)
   defining Unicode char U+0440 (decimal 1088)
   defining Unicode char U+0441 (decimal 1089)
   defining Unicode char U+0442 (decimal 1090)
   defining Unicode char U+0443 (decimal 1091)
   defining Unicode char U+0444 (decimal 1092)
   defining Unicode char U+0445 (decimal 1093)
   defining Unicode char U+0446 (decimal 1094)
   defining Unicode char U+0447 (decimal 1095)
   defining Unicode char U+0448 (decimal 1096)
   defining Unicode char U+0449 (decimal 1097)
   defining Unicode char U+044A (decimal 1098)
   defining Unicode char U+044B (decimal 1099)
   defining Unicode char U+044C (decimal 1100)
   defining Unicode char U+044D (decimal 1101)
   defining Unicode char U+044E (decimal 1102)
   defining Unicode char U+044F (decimal 1103)
   defining Unicode char U+0450 (decimal 1104)
   defining Unicode char U+0451 (decimal 1105)
   defining Unicode char U+0452 (decimal 1106)
   defining Unicode char U+0453 (decimal 1107)
   defining Unicode char U+0454 (decimal 1108)
   defining Unicode char U+0455 (decimal 1109)
   defining Unicode char U+0456 (decimal 1110)
   defining Unicode char U+0457 (decimal 1111)
   defining Unicode char U+0458 (decimal 1112)
   defining Unicode char U+0459 (decimal 1113)
   defining Unicode char U+045A (decimal 1114)
   defining Unicode char U+045B (decimal 1115)
   defining Unicode char U+045C (decimal 1116)
   defining Unicode char U+045D (decimal 1117)
   defining Unicode char U+045E (decimal 1118)
   defining Unicode char U+045F (decimal 1119)
   defining Unicode char U+0490 (decimal 1168)
   defining Unicode char U+0491 (decimal 1169)
   defining Unicode char U+0492 (decimal 1170)
   defining Unicode char U+0493 (decimal 1171)
   defining Unicode char U+0496 (decimal 1174)
   defining Unicode char U+0497 (decimal 1175)
   defining Unicode char U+0498 (decimal 1176)
   defining Unicode char U+0499 (decimal 1177)
   defining Unicode char U+049A (decimal 1178)
   defining Unicode char U+049B (decimal 1179)
   defining Unicode char U+049C (decimal 1180)
   defining Unicode char U+049D (decimal 1181)
   defining Unicode char U+04A0 (decimal 1184)
   defining Unicode char U+04A1 (decimal 1185)
   defining Unicode char U+04A2 (decimal 1186)
   defining Unicode char U+04A3 (decimal 1187)
   defining Unicode char U+04A4 (decimal 1188)
   defining Unicode char U+04A5 (decimal 1189)
   defining Unicode char U+04AA (decimal 1194)
   defining Unicode char U+04AB (decimal 1195)
   defining Unicode char U+04AE (decimal 1198)
   defining Unicode char U+04AF (decimal 1199)
   defining Unicode char U+04B0 (decimal 1200)
   defining Unicode char U+04B1 (decimal 1201)
   defining Unicode char U+04B2 (decimal 1202)
   defining Unicode char U+04B3 (decimal 1203)
   defining Unicode char U+04B6 (decimal 1206)
   defining Unicode char U+04B7 (decimal 1207)
   defining Unicode char U+04B8 (decimal 1208)
   defining Unicode char U+04B9 (decimal 1209)
   defining Unicode char U+04BA (decimal 1210)
   defining Unicode char U+04BB (decimal 1211)
   defining Unicode char U+04C0 (decimal 1216)
   defining Unicode char U+04C1 (decimal 1217)
   defining Unicode char U+04C2 (decimal 1218)
   defining Unicode char U+04D0 (decimal 1232)
   defining Unicode char U+04D1 (decimal 1233)
   defining Unicode char U+04D2 (decimal 1234)
   defining Unicode char U+04D3 (decimal 1235)
   defining Unicode char U+04D4 (decimal 1236)
   defining Unicode char U+04D5 (decimal 1237)
   defining Unicode char U+04D6 (decimal 1238)
   defining Unicode char U+04D7 (decimal 1239)
   defining Unicode char U+04D8 (decimal 1240)
   defining Unicode char U+04D9 (decimal 1241)
   defining Unicode char U+04DA (decimal 1242)
   defining Unicode char U+04DB (decimal 1243)
   defining Unicode char U+04DC (decimal 1244)
   defining Unicode char U+04DD (decimal 1245)
   defining Unicode char U+04DE (decimal 1246)
   defining Unicode char U+04DF (decimal 1247)
   defining Unicode char U+04E2 (decimal 1250)
   defining Unicode char U+04E3 (decimal 1251)
   defining Unicode char U+04E4 (decimal 1252)
   defining Unicode char U+04E5 (decimal 1253)
   defining Unicode char U+04E6 (decimal 1254)
   defining Unicode char U+04E7 (decimal 1255)
   defining Unicode char U+04E8 (decimal 1256)
   defining Unicode char U+04E9 (decimal 1257)
   defining Unicode char U+04EC (decimal 1260)
   defining Unicode char U+04ED (decimal 1261)
   defining Unicode char U+04EE (decimal 1262)
   defining Unicode char U+04EF (decimal 1263)
   defining Unicode char U+04F0 (decimal 1264)
   defining Unicode char U+04F1 (decimal 1265)
   defining Unicode char U+04F2 (decimal 1266)
   defining Unicode char U+04F3 (decimal 1267)
   defining Unicode char U+04F4 (decimal 1268)
   defining Unicode char U+04F5 (decimal 1269)
   defining Unicode char U+04F8 (decimal 1272)
   defining Unicode char U+04F9 (decimal 1273)
   defining Unicode char U+200C (decimal 8204)
   defining Unicode char U+2013 (decimal 8211)
   defining Unicode char U+2014 (decimal 8212)
   defining Unicode char U+2018 (decimal 8216)
   defining Unicode char U+2019 (decimal 8217)
   defining Unicode char U+201C (decimal 8220)
   defining Unicode char U+201D (decimal 8221)
   defining Unicode char U+201E (decimal 8222)
   defining Unicode char U+2030 (decimal 8240)
   defining Unicode char U+2031 (decimal 8241)
   defining Unicode char U+2116 (decimal 8470)
   defining Unicode char U+2329 (decimal 9001)
   defining Unicode char U+3008 (decimal 12296)
   defining Unicode char U+232A (decimal 9002)
   defining Unicode char U+3009 (decimal 12297)
   defining Unicode char U+2423 (decimal 9251)
   defining Unicode char U+27E8 (decimal 10216)
   defining Unicode char U+27E9 (decimal 10217)
   defining Unicode char U+FB00 (decimal 64256)
   defining Unicode char U+FB01 (decimal 64257)
   defining Unicode char U+FB02 (decimal 64258)
   defining Unicode char U+FB03 (decimal 64259)
   defining Unicode char U+FB04 (decimal 64260)
   defining Unicode char U+FB05 (decimal 64261)
   defining Unicode char U+FB06 (decimal 64262)
))
Package babel Info: Making " an active character on input line 124.
Package babel Info: Default for \cyrdash is provided on input line 163.
))
(c:/texlive/2023/texmf-dist/tex/generic/babel/locale/ru/babel-russian.tex
Package babel Info: Importing font and identification data for russian
(babel)             from babel-ru.ini. Reported on input line 11.
)
(c:/texlive/2023/texmf-dist/tex/generic/babel/locale/en/babel-english.tex
Package babel Info: Importing font and identification data for english
(babel)             from babel-en.ini. Reported on input line 11.
)
(c:/texlive/2023/texmf-dist/tex/latex/fancyhdr/fancyhdr.sty
Package: fancyhdr 2022/11/09 v4.1 Extensive control of page headers and footers

\f@nch@headwidth=\skip50
\f@nch@O@elh=\skip51
\f@nch@O@erh=\skip52
\f@nch@O@olh=\skip53
\f@nch@O@orh=\skip54
\f@nch@O@elf=\skip55
\f@nch@O@erf=\skip56
\f@nch@O@olf=\skip57
\f@nch@O@orf=\skip58
) (./newprog1e.sty
Document Style `newprog1e' <15 Jan 11> for new version our journal,
made from `newprog1' <22 Apr 95> for new version our journal,
made from `article' international version <17 Oct 89>.
\rulelength=\skip59
) (c:/texlive/2023/texmf-dist/tex/latex/amsfonts/amsfonts.sty
Package: amsfonts 2013/01/14 v3.01 Basic AMSFonts support
\@emptytoks=\toks19
\symAMSa=\mathgroup4
\symAMSb=\mathgroup5
LaTeX Font Info:    Redeclaring math symbol \hbar on input line 98.
LaTeX Font Info:    Overwriting math alphabet `\mathfrak' in version `bold'
(Font)                  U/euf/m/n --> U/euf/b/n on input line 106.
)
(c:/texlive/2023/texmf-dist/tex/latex/amsmath/amsmath.sty
Package: amsmath 2023/05/13 v2.17o AMS math features
\@mathmargin=\skip60

For additional information on amsmath, use the `?' option.
(c:/texlive/2023/texmf-dist/tex/latex/amsmath/amstext.sty
Package: amstext 2021/08/26 v2.01 AMS text

(c:/texlive/2023/texmf-dist/tex/latex/amsmath/amsgen.sty
File: amsgen.sty 1999/11/30 v2.0 generic functions
\@emptytoks=\toks20
\ex@=\dimen142
))
(c:/texlive/2023/texmf-dist/tex/latex/amsmath/amsbsy.sty
Package: amsbsy 1999/11/29 v1.2d Bold Symbols
\pmbraise@=\dimen143
)
(c:/texlive/2023/texmf-dist/tex/latex/amsmath/amsopn.sty
Package: amsopn 2022/04/08 v2.04 operator names
)
\inf@bad=\count195
LaTeX Info: Redefining \frac on input line 234.
\uproot@=\count196
\leftroot@=\count197
LaTeX Info: Redefining \overline on input line 399.
LaTeX Info: Redefining \colon on input line 410.
\classnum@=\count198
\DOTSCASE@=\count199
LaTeX Info: Redefining \ldots on input line 496.
LaTeX Info: Redefining \dots on input line 499.
LaTeX Info: Redefining \cdots on input line 620.
\Mathstrutbox@=\box51
\strutbox@=\box52
LaTeX Info: Redefining \big on input line 722.
LaTeX Info: Redefining \Big on input line 723.
LaTeX Info: Redefining \bigg on input line 724.
LaTeX Info: Redefining \Bigg on input line 725.
\big@size=\dimen144
LaTeX Font Info:    Redeclaring font encoding OML on input line 743.
LaTeX Font Info:    Redeclaring font encoding OMS on input line 744.
\macc@depth=\count266
LaTeX Info: Redefining \bmod on input line 905.
LaTeX Info: Redefining \pmod on input line 910.
LaTeX Info: Redefining \smash on input line 940.
LaTeX Info: Redefining \relbar on input line 970.
LaTeX Info: Redefining \Relbar on input line 971.
\c@MaxMatrixCols=\count267
\dotsspace@=\muskip16
\c@parentequation=\count268
\dspbrk@lvl=\count269
\tag@help=\toks21
\row@=\count270
\column@=\count271
\maxfields@=\count272
\andhelp@=\toks22
\eqnshift@=\dimen145
\alignsep@=\dimen146
\tagshift@=\dimen147
\tagwidth@=\dimen148
\totwidth@=\dimen149
\lineht@=\dimen150
\@envbody=\toks23
\multlinegap=\skip61
\multlinetaggap=\skip62
\mathdisplay@stack=\toks24
LaTeX Info: Redefining \[ on input line 2953.
LaTeX Info: Redefining \] on input line 2954.
)
(c:/texlive/2023/texmf-dist/tex/latex/amsfonts/amssymb.sty
Package: amssymb 2013/01/14 v3.01 AMS font symbols
)
(c:/texlive/2023/texmf-dist/tex/latex/amscls/amsthm.sty
Package: amsthm 2020/05/29 v2.20.6
\thm@style=\toks25
\thm@bodyfont=\toks26
\thm@headfont=\toks27
\thm@notefont=\toks28
\thm@headpunct=\toks29
\thm@preskip=\skip63
\thm@postskip=\skip64
\thm@headsep=\skip65
\dth@everypar=\toks30
)
(c:/texlive/2023/texmf-dist/tex/latex/graphics/graphicx.sty
Package: graphicx 2021/09/16 v1.2d Enhanced LaTeX Graphics (DPC,SPQR)

(c:/texlive/2023/texmf-dist/tex/latex/graphics/keyval.sty
Package: keyval 2022/05/29 v1.15 key=value parser (DPC)
\KV@toks@=\toks31
)
(c:/texlive/2023/texmf-dist/tex/latex/graphics/graphics.sty
Package: graphics 2022/03/10 v1.4e Standard LaTeX Graphics (DPC,SPQR)

(c:/texlive/2023/texmf-dist/tex/latex/graphics/trig.sty
Package: trig 2021/08/11 v1.11 sin cos tan (DPC)
)
(c:/texlive/2023/texmf-dist/tex/latex/graphics-cfg/graphics.cfg
File: graphics.cfg 2016/06/04 v1.11 sample graphics configuration
)
Package graphics Info: Driver file: pdftex.def on input line 107.

(c:/texlive/2023/texmf-dist/tex/latex/graphics-def/pdftex.def
File: pdftex.def 2022/09/22 v1.2b Graphics/color driver for pdftex
))
\Gin@req@height=\dimen151
\Gin@req@width=\dimen152
)
(c:/texlive/2023/texmf-dist/tex/latex/hyperref/hyperref.sty
Package: hyperref 2023-07-08 v7.01b Hypertext links for LaTeX

(c:/texlive/2023/texmf-dist/tex/generic/ltxcmds/ltxcmds.sty
Package: ltxcmds 2020-05-10 v1.25 LaTeX kernel commands for general use (HO)
)
(c:/texlive/2023/texmf-dist/tex/generic/iftex/iftex.sty
Package: iftex 2022/02/03 v1.0f TeX engine tests
)
(c:/texlive/2023/texmf-dist/tex/generic/pdftexcmds/pdftexcmds.sty
Package: pdftexcmds 2020-06-27 v0.33 Utility functions of pdfTeX for LuaTeX (HO
)

(c:/texlive/2023/texmf-dist/tex/generic/infwarerr/infwarerr.sty
Package: infwarerr 2019/12/03 v1.5 Providing info/warning/error messages (HO)
)
Package pdftexcmds Info: \pdf@primitive is available.
Package pdftexcmds Info: \pdf@ifprimitive is available.
Package pdftexcmds Info: \pdfdraftmode found.
)
(c:/texlive/2023/texmf-dist/tex/latex/kvsetkeys/kvsetkeys.sty
Package: kvsetkeys 2022-10-05 v1.19 Key value parser (HO)
)
(c:/texlive/2023/texmf-dist/tex/generic/kvdefinekeys/kvdefinekeys.sty
Package: kvdefinekeys 2019-12-19 v1.6 Define keys (HO)
)
(c:/texlive/2023/texmf-dist/tex/generic/pdfescape/pdfescape.sty
Package: pdfescape 2019/12/09 v1.15 Implements pdfTeX's escape features (HO)
)
(c:/texlive/2023/texmf-dist/tex/latex/hycolor/hycolor.sty
Package: hycolor 2020-01-27 v1.10 Color options for hyperref/bookmark (HO)
)
(c:/texlive/2023/texmf-dist/tex/latex/letltxmacro/letltxmacro.sty
Package: letltxmacro 2019/12/03 v1.6 Let assignment for LaTeX macros (HO)
)
(c:/texlive/2023/texmf-dist/tex/latex/auxhook/auxhook.sty
Package: auxhook 2019-12-17 v1.6 Hooks for auxiliary files (HO)
)
(c:/texlive/2023/texmf-dist/tex/latex/hyperref/nameref.sty
Package: nameref 2023-08-07 v2.53 Cross-referencing by name of section

(c:/texlive/2023/texmf-dist/tex/latex/refcount/refcount.sty
Package: refcount 2019/12/15 v3.6 Data extraction from label references (HO)
)
(c:/texlive/2023/texmf-dist/tex/generic/gettitlestring/gettitlestring.sty
Package: gettitlestring 2019/12/15 v1.6 Cleanup title references (HO)

(c:/texlive/2023/texmf-dist/tex/latex/kvoptions/kvoptions.sty
Package: kvoptions 2022-06-15 v3.15 Key value format for package options (HO)
))
\c@section@level=\count273
)
(c:/texlive/2023/texmf-dist/tex/latex/etoolbox/etoolbox.sty
Package: etoolbox 2020/10/05 v2.5k e-TeX tools for LaTeX (JAW)
\etb@tempcnta=\count274
)
\@linkdim=\dimen153
\Hy@linkcounter=\count275
\Hy@pagecounter=\count276

(c:/texlive/2023/texmf-dist/tex/latex/hyperref/pd1enc.def
File: pd1enc.def 2023-07-08 v7.01b Hyperref: PDFDocEncoding definition (HO)
Now handling font encoding PD1 ...
... no UTF-8 mapping file for font encoding PD1
)
(c:/texlive/2023/texmf-dist/tex/generic/intcalc/intcalc.sty
Package: intcalc 2019/12/15 v1.3 Expandable calculations with integers (HO)
)
\Hy@SavedSpaceFactor=\count277

(c:/texlive/2023/texmf-dist/tex/latex/hyperref/puenc.def
File: puenc.def 2023-07-08 v7.01b Hyperref: PDF Unicode definition (HO)
Now handling font encoding PU ...
... no UTF-8 mapping file for font encoding PU
)
Package hyperref Info: Option `unicode' set `true' on input line 3153.
Package hyperref Info: Hyper figures OFF on input line 4167.
Package hyperref Info: Link nesting OFF on input line 4172.
Package hyperref Info: Hyper index ON on input line 4175.
Package hyperref Info: Plain pages OFF on input line 4182.
Package hyperref Info: Backreferencing OFF on input line 4187.
Package hyperref Info: Implicit mode ON; LaTeX internals redefined.
Package hyperref Info: Bookmarks ON on input line 4434.
\c@Hy@tempcnt=\count278

(c:/texlive/2023/texmf-dist/tex/latex/url/url.sty
\Urlmuskip=\muskip17
Package: url 2013/09/16  ver 3.4  Verb mode for urls, etc.
)
LaTeX Info: Redefining \url on input line 4772.
\XeTeXLinkMargin=\dimen154

(c:/texlive/2023/texmf-dist/tex/generic/bitset/bitset.sty
Package: bitset 2019/12/09 v1.3 Handle bit-vector datatype (HO)

(c:/texlive/2023/texmf-dist/tex/generic/bigintcalc/bigintcalc.sty
Package: bigintcalc 2019/12/15 v1.5 Expandable calculations on big integers (HO
)
))
\Fld@menulength=\count279
\Field@Width=\dimen155
\Fld@charsize=\dimen156
Package hyperref Info: Hyper figures OFF on input line 6051.
Package hyperref Info: Link nesting OFF on input line 6056.
Package hyperref Info: Hyper index ON on input line 6059.
Package hyperref Info: backreferencing OFF on input line 6066.
Package hyperref Info: Link coloring OFF on input line 6071.
Package hyperref Info: Link coloring with OCG OFF on input line 6076.
Package hyperref Info: PDF/A mode OFF on input line 6081.

(c:/texlive/2023/texmf-dist/tex/latex/base/atbegshi-ltx.sty
Package: atbegshi-ltx 2021/01/10 v1.0c Emulation of the original atbegshi
package with kernel methods
)
\Hy@abspage=\count280
\c@Item=\count281
\c@Hfootnote=\count282
)
Package hyperref Info: Driver (autodetected): hpdftex.

(c:/texlive/2023/texmf-dist/tex/latex/hyperref/hpdftex.def
File: hpdftex.def 2023-07-08 v7.01b Hyperref driver for pdfTeX

(c:/texlive/2023/texmf-dist/tex/latex/base/atveryend-ltx.sty
Package: atveryend-ltx 2020/08/19 v1.0a Emulation of the original atveryend pac
kage
with kernel methods
)
\Fld@listcount=\count283
\c@bookmark@seq@number=\count284

(c:/texlive/2023/texmf-dist/tex/latex/rerunfilecheck/rerunfilecheck.sty
Package: rerunfilecheck 2022-07-10 v1.10 Rerun checks for auxiliary files (HO)

(c:/texlive/2023/texmf-dist/tex/generic/uniquecounter/uniquecounter.sty
Package: uniquecounter 2019/12/15 v1.4 Provide unlimited unique counter (HO)
)
Package uniquecounter Info: New unique counter `rerunfilecheck' on input line 2
85.
)
\Hy@SectionHShift=\skip66
)
\c@theorem=\count285
\c@definition=\count286
\c@theorem_ru=\count287

(c:/texlive/2023/texmf-dist/tex/latex/l3backend/l3backend-pdftex.def
File: l3backend-pdftex.def 2023-04-19 L3 backend support: PDF output (pdfTeX)
\l__color_backend_stack_int=\count288
\l__pdf_internal_box=\box53
)
(./report_19_09 (1).aux
LaTeX Font Info:    Trying to load font information for T2A+cmr on input line 2
1.

(c:/texlive/2023/texmf-dist/tex/latex/cyrillic/t2acmr.fd
File: t2acmr.fd 2001/08/11 v1.0a Computer Modern Cyrillic font definitions
))
\openout1 = `"report_19_09 (1).aux"'.

LaTeX Font Info:    Checking defaults for OML/cmm/m/it on input line 47.
LaTeX Font Info:    ... okay on input line 47.
LaTeX Font Info:    Checking defaults for OMS/cmsy/m/n on input line 47.
LaTeX Font Info:    ... okay on input line 47.
LaTeX Font Info:    Checking defaults for OT1/cmr/m/n on input line 47.
LaTeX Font Info:    ... okay on input line 47.
LaTeX Font Info:    Checking defaults for T1/cmr/m/n on input line 47.
LaTeX Font Info:    ... okay on input line 47.
LaTeX Font Info:    Checking defaults for TS1/cmr/m/n on input line 47.
LaTeX Font Info:    ... okay on input line 47.
LaTeX Font Info:    Checking defaults for OMX/cmex/m/n on input line 47.
LaTeX Font Info:    ... okay on input line 47.
LaTeX Font Info:    Checking defaults for U/cmr/m/n on input line 47.
LaTeX Font Info:    ... okay on input line 47.
LaTeX Font Info:    Checking defaults for T2A/cmr/m/n on input line 47.
LaTeX Font Info:    ... okay on input line 47.
LaTeX Font Info:    Checking defaults for PD1/pdf/m/n on input line 47.
LaTeX Font Info:    ... okay on input line 47.
LaTeX Font Info:    Checking defaults for PU/pdf/m/n on input line 47.
LaTeX Font Info:    ... okay on input line 47.
LaTeX Info: Redefining \th on input line 47.

(c:/texlive/2023/texmf-dist/tex/context/base/mkii/supp-pdf.mkii
[Loading MPS to PDF converter (version 2006.09.02).]
\scratchcounter=\count289
\scratchdimen=\dimen157
\scratchbox=\box54
\nofMPsegments=\count290
\nofMParguments=\count291
\everyMPshowfont=\toks32
\MPscratchCnt=\count292
\MPscratchDim=\dimen158
\MPnumerator=\count293
\makeMPintoPDFobject=\count294
\everyMPtoPDFconversion=\toks33
) (c:/texlive/2023/texmf-dist/tex/latex/epstopdf-pkg/epstopdf-base.sty
Package: epstopdf-base 2020-01-24 v2.11 Base part for package epstopdf
Package epstopdf-base Info: Redefining graphics rule for `.eps' on input line 4
85.

(c:/texlive/2023/texmf-dist/tex/latex/latexconfig/epstopdf-sys.cfg
File: epstopdf-sys.cfg 2010/07/13 v1.3 Configuration of (r)epstopdf for TeX Liv
e
))
Package hyperref Info: Link coloring OFF on input line 47.

(./report_19_09 (1).out) (./report_19_09 (1).out)
\@outlinefile=\write3
\openout3 = `"report_19_09 (1).out"'.

\rublength=\skip67
LaTeX Font Info:    Trying to load font information for U+msa on input line 50.


(c:/texlive/2023/texmf-dist/tex/latex/amsfonts/umsa.fd
File: umsa.fd 2013/01/14 v3.01 AMS symbols A
)
LaTeX Font Info:    Trying to load font information for U+msb on input line 50.


(c:/texlive/2023/texmf-dist/tex/latex/amsfonts/umsb.fd
File: umsb.fd 2013/01/14 v3.01 AMS symbols B
)
Underfull \hbox (badness 2126) in paragraph at lines 57--58
[]\T2A/cmr/m/n/10.95 Для упро-ще-ния про-цес-са раз-ра-бот-ки про-
 []


Underfull \hbox (badness 1783) in paragraph at lines 57--58
\T2A/cmr/m/n/10.95 грамм-но-го обес-пе-че-ния в на-сто-я-щий мо-мент
 []


Underfull \hbox (badness 7777) in paragraph at lines 57--58
\T2A/cmr/m/n/10.95 сбор-ка и до-став-ка (Continuous Integration,
 []


Underfull \hbox (badness 10000) in paragraph at lines 57--58
\T2A/cmr/m/n/10.95 при-ме-ня-ют-ся в про-мыш-лен-ной раз-ра-бот-ке:
 []


Underfull \vbox (badness 10000) has occurred while \output is active []



LaTeX Warning: Reference `lastpage' on page 3 undefined on input line 60.


Package fancyhdr Warning: \headheight is too small (12.0pt): 
(fancyhdr)                Make it at least 13.59999pt, for example:
(fancyhdr)                \setlength{\headheight}{13.59999pt}.
(fancyhdr)                You might also make \topmargin smaller to compensate:

(fancyhdr)                \addtolength{\topmargin}{-1.59999pt}.

[3{c:/texlive/2023/texmf-var/fonts/map/pdftex/updmap/pdftex.map}{c:/texlive/202
3/texmf-dist/fonts/enc/dvips/cm-super/cm-super-t2a.enc}{c:/texlive/2023/texmf-d
ist/fonts/enc/dvips/cm-super/cm-super-ts1.enc}




]
Underfull \hbox (badness 10000) in paragraph at lines 69--70
[]\T2A/cmr/bx/n/10.95 Степень раз-ра-бо-тан-но-сти про-бле-мы.
 []


Underfull \hbox (badness 1242) in paragraph at lines 69--70
\T2A/cmr/m/n/10.95 Сре-ди име-ю-щих-ся пла-ги-нов Jenkins есть те,
 []


Underfull \hbox (badness 10000) in paragraph at lines 69--70
\T2A/cmr/m/n/10.95 ко-то-рые ре-а-ли-зу-ет ча-стич-ный функ-ци-о-нал
 []


Underfull \hbox (badness 1348) in paragraph at lines 69--70
\T2A/cmr/m/n/10.95 мо-ду-ля из TeamCity, на-при-мер, отоб-ра-же-ние
 []


Underfull \hbox (badness 2846) in paragraph at lines 69--70
\T2A/cmr/m/n/10.95 опи-са-но в срав-ни-тель-ном ана-ли-зе и об-зо-ре
 []


Underfull \hbox (badness 2600) in paragraph at lines 73--74
[]\T2A/cmr/bx/n/10.95 Предмет ис-сле-до-ва-ния \T2A/cmr/m/n/10.95 ^^V ви-зу-а-л
и-за-ция
 []


Underfull \hbox (badness 10000) in paragraph at lines 86--87
[]\T2A/cmr/m/n/10.95 Изучить ме-то-ды раз-ра-бот-ки пла-ги-нов
 []


Underfull \hbox (badness 2512) in paragraph at lines 96--97
[]\T2A/cmr/m/n/10.95 Основными \T2A/cmr/bx/n/10.95 ме-то-да-ми \T2A/cmr/m/n/10.
95 про-ве-де-ния ра-бо-ты
 []


Underfull \hbox (badness 10000) in paragraph at lines 96--97
\T2A/cmr/m/n/10.95 яв-ля-ют-ся ме-то-ды срав-ни-тель-но-го ана-ли-за
 []


Underfull \hbox (badness 5756) in paragraph at lines 96--97
\T2A/cmr/m/n/10.95 ана-ло-гич-ных ре-ше-ний и ме-то-ды объектно-
 []


Package fancyhdr Warning: \headheight is too small (12.0pt): 
(fancyhdr)                Make it at least 13.59999pt, for example:
(fancyhdr)                \setlength{\headheight}{13.59999pt}.
(fancyhdr)                You might also make \topmargin smaller to compensate:

(fancyhdr)                \addtolength{\topmargin}{-1.59999pt}.

[4]
Underfull \hbox (badness 1681) in paragraph at lines 117--118
[]\T2A/cmr/m/n/10.95 Существуют так-же и дру-гие ин-стру-мен-ты
 []


Underfull \hbox (badness 1024) in paragraph at lines 117--118
\T2A/cmr/m/n/10.95 сбор-ки для при-ло-же-ний на-пи-сан-ных на раз-
 []


Underfull \hbox (badness 1867) in paragraph at lines 117--118
\T2A/cmr/m/n/10.95 ис-поль-зо-вать при ло-каль-ной раз-ра-бот-ке над
 []


Underfull \hbox (badness 2762) in paragraph at lines 117--118
\T2A/cmr/m/n/10.95 в ра-бо-те над ко-то-рым за-дей-ству-ет-ся це-лая
 []


Underfull \hbox (badness 4981) in paragraph at lines 143--144
[]\T2A/cmr/m/n/10.95 TeamCity - это сер-вер CI от ком-па-нии
 []


Underfull \hbox (badness 4193) in paragraph at lines 143--144
\T2A/cmr/m/n/10.95 Jetbrains, ко-то-рый поз-во-ля-ет за-пус-кать па-
 []


Underfull \hbox (badness 1694) in paragraph at lines 143--144
\T2A/cmr/m/n/10.95 рал-лель-ные сбор-ки од-но-вре-мен-но на раз-ных
 []


Underfull \hbox (badness 4048) in paragraph at lines 147--148
[]\T2A/cmr/m/n/10.95 CircleCI - сер-вер CI, ко-то-рый поз-во-ля-ет
 []


Underfull \hbox (badness 6047) in paragraph at lines 147--148
\T2A/cmr/m/n/10.95 на-стро-ить для эф-фек-тив-ной ра-бо-ты очень
 []


Underfull \hbox (badness 6575) in paragraph at lines 147--148
\T2A/cmr/m/n/10.95 слож-ных кон-вей-е-ров кэ-ши-ро-ва-ние, кэ-ши-ро-
 []


Package fancyhdr Warning: \headheight is too small (12.0pt): 
(fancyhdr)                Make it at least 24.5117pt, for example:
(fancyhdr)                \setlength{\headheight}{24.5117pt}.
(fancyhdr)                You might also make \topmargin smaller to compensate:

(fancyhdr)                \addtolength{\topmargin}{-12.5117pt}.

[5]

Package fancyhdr Warning: \headheight is too small (12.0pt): 
(fancyhdr)                Make it at least 13.59999pt, for example:
(fancyhdr)                \setlength{\headheight}{13.59999pt}.
(fancyhdr)                You might also make \topmargin smaller to compensate:

(fancyhdr)                \addtolength{\topmargin}{-1.59999pt}.

[6]
Underfull \hbox (badness 10000) in paragraph at lines 186--186
[]\T2A/cmr/m/n/10.95 Build
 []


Underfull \hbox (badness 10000) in paragraph at lines 186--186
\T2A/cmr/m/n/10.95 Monitor
 []


Underfull \hbox (badness 10000) in paragraph at lines 186--186
[]\T2A/cmr/m/n/10.95 Global Build
 []


Underfull \hbox (badness 10000) in paragraph at lines 186--186
[]\T2A/cmr/m/n/10.95 Разрабатыва-
 []


Underfull \hbox (badness 10000) in paragraph at lines 187--187
[]\T2A/cmr/m/n/10.95 Прогнозирование мет-рик
 []


Underfull \hbox (badness 10000) in paragraph at lines 189--189
[]\T2A/cmr/m/n/10.95 - (толь-ко
 []


Underfull \hbox (badness 2913) in paragraph at lines 190--190
[]\T2A/cmr/m/n/10.95 Визуализация SR ис-то-рии
 []


Underfull \hbox (badness 10000) in paragraph at lines 190--190
\T2A/cmr/m/n/10.95 ги-сто-грам-мы,
 []


Underfull \hbox (badness 10000) in paragraph at lines 190--190
\T2A/cmr/m/n/10.95 со-от-но-ше-ние
 []


Underfull \hbox (badness 1629) in paragraph at lines 191--191
[]\T2A/cmr/m/n/10.95 Визуализация BD ис-то-рии
 []


Underfull \hbox (badness 3612) in paragraph at lines 205--206
[]\T2A/cmr/m/n/10.95 После про-ве-де-ния срав-не-ния ана-ло-гич-ных
 []


Underfull \hbox (badness 1629) in paragraph at lines 205--206
\T2A/cmr/m/n/10.95 ба-ты-ва-е-мо-го пла-ги-на, ко-то-рые обос-но-вы-ва-ют
 []


Underfull \hbox (badness 10000) in paragraph at lines 218--219
[]\T2A/cmr/m/n/10.95 Производиться филь-тра-ция сбо-рок т.е.
 []


Package fancyhdr Warning: \headheight is too small (12.0pt): 
(fancyhdr)                Make it at least 24.5117pt, for example:
(fancyhdr)                \setlength{\headheight}{24.5117pt}.
(fancyhdr)                You might also make \topmargin smaller to compensate:

(fancyhdr)                \addtolength{\topmargin}{-12.5117pt}.

[7]

Package fancyhdr Warning: \headheight is too small (12.0pt): 
(fancyhdr)                Make it at least 13.59999pt, for example:
(fancyhdr)                \setlength{\headheight}{13.59999pt}.
(fancyhdr)                You might also make \topmargin smaller to compensate:

(fancyhdr)                \addtolength{\topmargin}{-1.59999pt}.

[8]
<my_folder/images//usecase3.png, id=79, 579.3645pt x 325.215pt>
File: my_folder/images//usecase3.png Graphic file (type png)
<use my_folder/images//usecase3.png>
Package pdftex.def Info: my_folder/images//usecase3.png  used on input line 253
.
(pdftex.def)             Requested size: 405.55238pt x 227.64894pt.
<my_folder/images//Fmod.png, id=81, 649.82774pt x 330.63525pt>
File: my_folder/images//Fmod.png Graphic file (type png)
<use my_folder/images//Fmod.png>
Package pdftex.def Info: my_folder/images//Fmod.png  used on input line 262.
(pdftex.def)             Requested size: 454.87631pt x 231.4431pt.
<my_folder/images//class3.png, id=84, 506.49225pt x 451.6875pt>
File: my_folder/images//class3.png Graphic file (type png)
<use my_folder/images//class3.png>
Package pdftex.def Info: my_folder/images//class3.png  used on input line 284.
(pdftex.def)             Requested size: 405.19435pt x 361.35048pt.

Underfull \hbox (badness 3612) in paragraph at lines 289--290
[]\T2A/cmr/m/n/10.95 При рас-смот-ре-нии диа-грам-мы необ-хо-ди-мо
 []


Underfull \hbox (badness 2799) in paragraph at lines 289--290
\T2A/cmr/m/n/10.95 под-про-стран-ство URL-адресов под ро-ди-тель-
 []


Underfull \hbox (badness 1546) in paragraph at lines 289--290
\T2A/cmr/m/n/10.95 вза-и-мо-дей-ство-вать с поль-зо-ва-те-ля-ми. Actions
 []


Underfull \hbox (badness 1147) in paragraph at lines 289--290
\T2A/cmr/m/n/10.95 так-же спо-соб-ны от-кры-вать до-ступ к ле-во-му
 []


Package fancyhdr Warning: \headheight is too small (12.0pt): 
(fancyhdr)                Make it at least 24.5117pt, for example:
(fancyhdr)                \setlength{\headheight}{24.5117pt}.
(fancyhdr)                You might also make \topmargin smaller to compensate:

(fancyhdr)                \addtolength{\topmargin}{-12.5117pt}.

[9]
Underfull \vbox (badness 10000) has occurred while \output is active []


Underfull \vbox (badness 10000) has occurred while \output is active []



Package fancyhdr Warning: \headheight is too small (12.0pt): 
(fancyhdr)                Make it at least 13.59999pt, for example:
(fancyhdr)                \setlength{\headheight}{13.59999pt}.
(fancyhdr)                You might also make \topmargin smaller to compensate:

(fancyhdr)                \addtolength{\topmargin}{-1.59999pt}.

[10 <./my_folder/images//usecase3.png> <./my_folder/images//Fmod.png>]
Underfull \vbox (badness 10000) has occurred while \output is active []



Package fancyhdr Warning: \headheight is too small (12.0pt): 
(fancyhdr)                Make it at least 24.5117pt, for example:
(fancyhdr)                \setlength{\headheight}{24.5117pt}.
(fancyhdr)                You might also make \topmargin smaller to compensate:

(fancyhdr)                \addtolength{\topmargin}{-12.5117pt}.

[11 <./my_folder/images//class3.png>]
<my_folder/images//archi.png, id=108, 471.56175pt x 314.3745pt>
File: my_folder/images//archi.png Graphic file (type png)
<use my_folder/images//archi.png>
Package pdftex.def Info: my_folder/images//archi.png  used on input line 307.
(pdftex.def)             Requested size: 330.09097pt x 220.06064pt.

Underfull \hbox (badness 1590) in paragraph at lines 319--320
\T2A/cmr/m/n/10.95 про-грам-ми-ро-ва-ния гра-фи-че-ских ком-по-нен-тов,
 []


Underfull \hbox (badness 2828) in paragraph at lines 319--320
\T2A/cmr/m/n/10.95 гра-фи-ков и диа-грамм бу-дет ис-поль-зо-вать-ся
 []


Underfull \hbox (badness 1102) in paragraph at lines 319--320
\T2A/cmr/m/n/10.95 язык про-грам-ми-ро-ва-ния JavaScript. Ос-нов-ное
 []


Package fancyhdr Warning: \headheight is too small (12.0pt): 
(fancyhdr)                Make it at least 13.59999pt, for example:
(fancyhdr)                \setlength{\headheight}{13.59999pt}.
(fancyhdr)                You might also make \topmargin smaller to compensate:

(fancyhdr)                \addtolength{\topmargin}{-1.59999pt}.

[12]
Underfull \hbox (badness 10000) in paragraph at lines 362--363
[]\T2A/cmr/bx/n/10.95 BuildConfigurationStatisticsAction\T2A/cmr/m/n/10.95 . Ос
-
 []


Underfull \hbox (badness 5578) in paragraph at lines 362--363
\T2A/cmr/m/n/10.95 пла-ги-на при вза-и-мо-дей-ствии с эле-мен-та-ми
 []


Underfull \hbox (badness 5939) in paragraph at lines 371--372
[]\T2A/cmr/bx/n/10.95 TimeInQueueFetcher\T2A/cmr/m/n/10.95 . Класс от-ве-ча-ю-щ
ий
 []


Underfull \hbox (badness 2205) in paragraph at lines 371--372
\T2A/cmr/m/n/10.95 за рас-чет вре-ме-ни, ко-то-рая сбор-ка про-ве-ла
 []


Package fancyhdr Warning: \headheight is too small (12.0pt): 
(fancyhdr)                Make it at least 24.5117pt, for example:
(fancyhdr)                \setlength{\headheight}{24.5117pt}.
(fancyhdr)                You might also make \topmargin smaller to compensate:

(fancyhdr)                \addtolength{\topmargin}{-12.5117pt}.

[13 <./my_folder/images//archi.png>]
Underfull \hbox (badness 1303) in paragraph at lines 377--378
[]\T2A/cmr/bx/n/10.95 BuildDurationLogic\T2A/cmr/m/n/10.95 . Класс для ра-бо-ты
 с
 []


Underfull \hbox (badness 1389) in paragraph at lines 377--378
\T2A/cmr/m/n/10.95 под-дан-ных на вход, а так-же вы-счи-ты-ва-ет-ся
 []

<my_folder/images//ui12.png, id=126, 746.18774pt x 498.663pt>
File: my_folder/images//ui12.png Graphic file (type png)
<use my_folder/images//ui12.png>
Package pdftex.def Info: my_folder/images//ui12.png  used on input line 399.
(pdftex.def)             Requested size: 350.70828pt x 234.37163pt.

Underfull \hbox (badness 1454) in paragraph at lines 418--419
[]\T2A/cmr/m/n/10.95 Тестирование про-грамм-но-го обес-пе-че-ния ^^V
 []


Underfull \hbox (badness 10000) in paragraph at lines 418--419
\T2A/cmr/m/n/10.95 непре-рыв-ное те-сти-ро-ва-ние раз-ра-бо-тан-но-го
 []


Underfull \hbox (badness 3250) in paragraph at lines 418--419
\T2A/cmr/m/n/10.95 ко-да, а так-же те-сти-ро-ва-ние раз-ра-бо-тан-но-го
 []


Underfull \hbox (badness 6300) in paragraph at lines 418--419
\T2A/cmr/m/n/10.95 при-ло-же-ния. Сам пла-гин яв-ля-ет-ся ча-стью
 []


Underfull \hbox (badness 1635) in paragraph at lines 418--419
\T2A/cmr/m/n/10.95 кор-рект-ной ра-бо-ты сво-ей функ-ци-о-наль-но-сти,
 []


Underfull \hbox (badness 3250) in paragraph at lines 418--419
\T2A/cmr/m/n/10.95 те-сти-ро-ва-ние раз-ра-бо-тан-но-го ко-да, а так-же
 []


Package fancyhdr Warning: \headheight is too small (12.0pt): 
(fancyhdr)                Make it at least 13.59999pt, for example:
(fancyhdr)                \setlength{\headheight}{13.59999pt}.
(fancyhdr)                You might also make \topmargin smaller to compensate:

(fancyhdr)                \addtolength{\topmargin}{-1.59999pt}.

[14]
Underfull \hbox (badness 10000) in paragraph at lines 426--427
[]\T2A/cmr/m/n/10.95 Код юнит те-стов рас-по-ло-жен в клас-се
 []


Underfull \hbox (badness 2573) in paragraph at lines 426--427
\T2A/cmr/m/n/10.95 BuildConfigurationStatisticsBuilderTest. В этом
 []


Underfull \hbox (badness 10000) in paragraph at lines 431--432
[]\T2A/cmr/m/n/10.95 проверка па-де-ния сбор-ки при
 []


Underfull \hbox (badness 10000) in paragraph at lines 431--432
\T2A/cmr/m/n/10.95 некор-рект-ных вход-ных дан-ных -
 []


Underfull \hbox (badness 10000) in paragraph at lines 432--433
[]\T2A/cmr/m/n/10.95 проверка фор-ми-ро-ва-ния струк-тур для
 []


Underfull \hbox (badness 10000) in paragraph at lines 432--433
\T2A/cmr/m/n/10.95 на-чаль-ной ини-ци-а-ли-за-ции дан-ных -
 []


Underfull \hbox (badness 10000) in paragraph at lines 432--433
\T2A/cmr/m/n/10.95 testCreateDateWeekMapSuccessRate(),
 []


Underfull \hbox (badness 10000) in paragraph at lines 434--435
[]\T2A/cmr/m/n/10.95 проверка ра-бо-то-спо-соб-но-сти мо-ду-
 []


Underfull \hbox (badness 10000) in paragraph at lines 434--435
\T2A/cmr/m/n/10.95 лей об-ра-бот-ки вре-ме-ни сбо-рок -
 []


Underfull \hbox (badness 10000) in paragraph at lines 437--438
\T2A/cmr/m/n/10.95 бы-ли на-пи-са-ны ав-то-ма-ти-зи-ро-ван-ные те-сты
 []


Underfull \hbox (badness 2573) in paragraph at lines 437--438
\T2A/cmr/m/n/10.95 с ис-поль-зо-ва-ние ме-то-до-ло-гии Behavior-driven
 []


Underfull \hbox (badness 1237) in paragraph at lines 439--440
[]\T2A/cmr/m/n/10.95 Для на-пи-са-ния BDD те-стов ис-поль-зо-вал-ся
 []


Underfull \hbox (badness 3396) in paragraph at lines 439--440
\T2A/cmr/m/n/10.95 но-та-цию для опи-са-ния сце-на-рия те-ство на
 []


Underfull \hbox (badness 2088) in paragraph at lines 439--440
\T2A/cmr/m/n/10.95 есте-ствен-ном язы-ке, а так-же за-глуш-ки для
 []


Package fancyhdr Warning: \headheight is too small (12.0pt): 
(fancyhdr)                Make it at least 24.5117pt, for example:
(fancyhdr)                \setlength{\headheight}{24.5117pt}.
(fancyhdr)                You might also make \topmargin smaller to compensate:

(fancyhdr)                \addtolength{\topmargin}{-12.5117pt}.

[15 <./my_folder/images//ui12.png>]
Underfull \hbox (badness 10000) in paragraph at lines 449--450
[]\T2A/cmr/m/n/10.95 проверка на-ли-чия и кор-рект-но-
 []


Underfull \hbox (badness 10000) in paragraph at lines 449--450
\T2A/cmr/m/n/10.95 го отоб-ра-же-ния гра-фи-ка SR -
 []


Underfull \hbox (badness 10000) in paragraph at lines 450--451
[]\T2A/cmr/m/n/10.95 проверка на-ли-чия и кор-рект-но-
 []


Underfull \hbox (badness 10000) in paragraph at lines 450--451
\T2A/cmr/m/n/10.95 го отоб-ра-же-ния гра-фи-ка BD -
 []


Underfull \hbox (badness 10000) in paragraph at lines 451--452
[]\T2A/cmr/m/n/10.95 проверка на-ли-чия и кор-рект-но-
 []


Underfull \hbox (badness 10000) in paragraph at lines 451--452
\T2A/cmr/m/n/10.95 го отоб-ра-же-ния гра-фи-ка TC -
 []


Underfull \hbox (badness 10000) in paragraph at lines 452--453
[]\T2A/cmr/m/n/10.95 проверка на-ли-чия и кор-рект-но-
 []


Underfull \hbox (badness 10000) in paragraph at lines 452--453
\T2A/cmr/m/n/10.95 го отоб-ра-же-ния гра-фи-ка BQ -
 []


Underfull \hbox (badness 10000) in paragraph at lines 453--454
[]\T2A/cmr/m/n/10.95 проверка на-ли-чия и кор-рект-но-
 []


Underfull \hbox (badness 10000) in paragraph at lines 453--454
\T2A/cmr/m/n/10.95 го отоб-ра-же-ния гра-фи-ка AS -
 []


Underfull \hbox (badness 10000) in paragraph at lines 454--455
[]\T2A/cmr/m/n/10.95 проверка кор-рект-но-сти ре-ак-ция
 []


Underfull \hbox (badness 10000) in paragraph at lines 454--455
\T2A/cmr/m/n/10.95 эле-мен-та вы-па-да-ю-ще-го спис-ка -
 []


Underfull \hbox (badness 1635) in paragraph at lines 463--464
[]\T2A/cmr/m/n/10.95 Затем по-тре-бу-ет-ся на за-пу-щен-ном сер-ве-ре
 []


Underfull \hbox (badness 4467) in paragraph at lines 471--473
\T2A/cmr/m/n/10.95 те-ги <timestamp>1684077728000</timestamp>
 []


Underfull \hbox (badness 10000) in paragraph at lines 471--473
\T2A/cmr/m/n/10.95 и <startTime>1684077728013</startTime> ,
 []


Underfull \hbox (badness 1527) in paragraph at lines 471--473
\T2A/cmr/m/n/10.95 и вре-ме-ни в timestamp мож-но ис-поль-зо-вать
 []

<my_folder/images//builds.png, id=146, 257.16075pt x 463.13025pt>
File: my_folder/images//builds.png Graphic file (type png)
<use my_folder/images//builds.png>
Package pdftex.def Info: my_folder/images//builds.png  used on input line 481.
(pdftex.def)             Requested size: 120.86555pt x 217.67125pt.

Package fancyhdr Warning: \headheight is too small (12.0pt): 
(fancyhdr)                Make it at least 13.59999pt, for example:
(fancyhdr)                \setlength{\headheight}{13.59999pt}.
(fancyhdr)                You might also make \topmargin smaller to compensate:

(fancyhdr)                \addtolength{\topmargin}{-1.59999pt}.

[16]
Underfull \hbox (badness 10000) in paragraph at lines 504--505
[]\T2A/cmr/m/n/10.95 Часть сбо-рок вы-пол-ня-лось по-сред-
 []


Underfull \hbox (badness 10000) in paragraph at lines 504--505
\T2A/cmr/m/n/10.95 ством со-здан-но-го клас-са в пла-гине
 []


Underfull \hbox (badness 10000) in paragraph at lines 504--505
\T2A/cmr/m/n/10.95 BuildConfigurationStatisticsBuilder, ко-то-рый
 []


Underfull \hbox (badness 3088) in paragraph at lines 504--505
\T2A/cmr/m/n/10.95 до-бав-лял еще один ва-ри-ант за-пус-ка ша-гов
 []


Underfull \hbox (badness 1571) in paragraph at lines 504--505
\T2A/cmr/m/n/10.95 па-ра-мет-ра, ко-то-рый за-да-вал-ся при со-зда-нии
 []


Underfull \hbox (badness 10000) in paragraph at lines 512--513
[]\T2A/cmr/m/n/10.95 Для со-зда-ния неболь-ших файлов-
 []


Underfull \hbox (badness 10000) in paragraph at lines 512--513
\T2A/cmr/m/it/10.95 "tempbuild1111111111111111111"1>tembuild.txt\T2A/cmr/m/n/10
.95 .
 []


Underfull \hbox (badness 5260) in paragraph at lines 514--515
[]\T2A/cmr/m/n/10.95 Для то-го, что-бы убе-дить-ся, что пла-гин
 []


Underfull \hbox (badness 1803) in paragraph at lines 514--515
\T2A/cmr/m/n/10.95 ра-бо-та-ет так-же на уже су-ще-ству-ю-щих про-
 []


Underfull \hbox (badness 10000) in paragraph at lines 514--515
\T2A/cmr/m/n/10.95 ек-тах, необ-хо-ди-мо про-ве-сти апро-ба-цию
 []


Underfull \hbox (badness 6725) in paragraph at lines 514--515
\T2A/cmr/m/n/10.95 на сто-рон-нем про-ек-те. В ка-че-стве та-ко-го
 []


Underfull \hbox (badness 10000) in paragraph at lines 514--515
\T2A/cmr/m/n/10.95 про-ек-та был вы-бран frontend-maven-plugin
 []


Underfull \hbox (badness 10000) in paragraph at lines 514--515
\T2A/cmr/m/n/10.95 (https://github.com/eirslett/frontend-maven-
 []


Underfull \hbox (badness 10000) in paragraph at lines 516--517
[]\T2A/cmr/m/n/10.95 Это пла-гин, ко-то-рый за-гру-жа-
 []


Underfull \hbox (badness 10000) in paragraph at lines 516--517
\T2A/cmr/m/n/10.95 ет/устанавливает Node и NPM ло-каль-но
 []


Package fancyhdr Warning: \headheight is too small (12.0pt): 
(fancyhdr)                Make it at least 24.5117pt, for example:
(fancyhdr)                \setlength{\headheight}{24.5117pt}.
(fancyhdr)                You might also make \topmargin smaller to compensate:

(fancyhdr)                \addtolength{\topmargin}{-12.5117pt}.

[17 <./my_folder/images//builds.png>]
<my_folder/images//reares1.png, id=160, 820.86674pt x 420.3705pt>
File: my_folder/images//reares1.png Graphic file (type png)
<use my_folder/images//reares1.png>
Package pdftex.def Info: my_folder/images//reares1.png  used on input line 557.

(pdftex.def)             Requested size: 385.80742pt x 197.57416pt.


Package fancyhdr Warning: \headheight is too small (12.0pt): 
(fancyhdr)                Make it at least 13.59999pt, for example:
(fancyhdr)                \setlength{\headheight}{13.59999pt}.
(fancyhdr)                You might also make \topmargin smaller to compensate:

(fancyhdr)                \addtolength{\topmargin}{-1.59999pt}.

[18]
<my_folder/images//realres2.png, id=171, 786.5385pt x 478.1865pt>
File: my_folder/images//realres2.png Graphic file (type png)
<use my_folder/images//realres2.png>
Package pdftex.def Info: my_folder/images//realres2.png  used on input line 568
.
(pdftex.def)             Requested size: 369.67316pt x 224.74768pt.

Underfull \vbox (badness 10000) has occurred while \output is active []


Underfull \vbox (badness 1509) has occurred while \output is active []



Package fancyhdr Warning: \headheight is too small (12.0pt): 
(fancyhdr)                Make it at least 24.5117pt, for example:
(fancyhdr)                \setlength{\headheight}{24.5117pt}.
(fancyhdr)                You might also make \topmargin smaller to compensate:

(fancyhdr)                \addtolength{\topmargin}{-12.5117pt}.


LaTeX Font Warning: Command \small invalid in math mode on input line 587.

[19 <./my_folder/images//reares1.png>]
Underfull \hbox (badness 10000) in paragraph at lines 593--593
[]\T2A/cmr/m/n/10.95 Разработанное
 []


Underfull \hbox (badness 10000) in paragraph at lines 593--593
[]\T2A/cmr/m/n/10.95 Build
 []


Underfull \hbox (badness 10000) in paragraph at lines 593--593
\T2A/cmr/m/n/10.95 Monitor
 []


Underfull \hbox (badness 10000) in paragraph at lines 593--593
[]\T2A/cmr/m/n/10.95 Global
 []


Underfull \hbox (badness 10000) in paragraph at lines 594--594
[]\T2A/cmr/m/n/10.95 Количество ви-
 []


Underfull \hbox (badness 10000) in paragraph at lines 594--594
\T2A/cmr/m/n/10.95 зу-а-ли-зи-ру-е-мых
 []


Underfull \hbox (badness 1635) in paragraph at lines 595--595
[]\T2A/cmr/m/n/10.95 Количество ста-
 []


Underfull \hbox (badness 2368) in paragraph at lines 595--595
\T2A/cmr/m/n/10.95 ти-сти-че-ских по-
 []


Underfull \hbox (badness 10000) in paragraph at lines 596--596
[]\T2A/cmr/m/n/10.95 Количество ти-
 []


Underfull \hbox (badness 10000) in paragraph at lines 615--616
[]\T2A/cmr/m/n/10.95 Работоспособность пла-ги-на про-ве-ре-на на
 []


Package fancyhdr Warning: \headheight is too small (12.0pt): 
(fancyhdr)                Make it at least 13.59999pt, for example:
(fancyhdr)                \setlength{\headheight}{13.59999pt}.
(fancyhdr)                You might also make \topmargin smaller to compensate:

(fancyhdr)                \addtolength{\topmargin}{-1.59999pt}.

[20 <./my_folder/images//realres2.png>]

Package fancyhdr Warning: \headheight is too small (12.0pt): 
(fancyhdr)                Make it at least 24.5117pt, for example:
(fancyhdr)                \setlength{\headheight}{24.5117pt}.
(fancyhdr)                You might also make \topmargin smaller to compensate:

(fancyhdr)                \addtolength{\topmargin}{-12.5117pt}.

[21] (./report_19_09 (1).bbl
LaTeX Font Info:    Trying to load font information for T2A+cmtt on input line 
10.

(c:/texlive/2023/texmf-dist/tex/latex/cyrillic/t2acmtt.fd
File: t2acmtt.fd 2001/08/11 v1.0a Computer Modern Cyrillic font definitions
)
Underfull \hbox (badness 10000) in paragraph at lines 9--12
[]\T2A/cmr/m/n/10.95 Что та-кое сбор-ка в про-грам-ми-ро-
 []


Underfull \hbox (badness 10000) in paragraph at lines 9--12
\T2A/cmr/m/n/10.95 ва-нии.  []$\T2A/cmtt/m/n/10.95 https : / / uchet-[]jkh . ru
 / i /
 []


Underfull \hbox (badness 10000) in paragraph at lines 9--12
\T2A/cmtt/m/n/10.95 cto-[]takoe-[]sborka-[]v-[]programmirovanii$[]\T2A/cmr/m/n/
10.95 .
 []


Underfull \hbox (badness 2460) in paragraph at lines 14--17
[]\T2A/cmr/m/n/10.95 Учимся со-зда-вать и на-стра-и-вать jenkins
 []


Underfull \hbox (badness 10000) in paragraph at lines 14--17
\T2A/cmr/m/n/10.95 jobs.  []$\T2A/cmtt/m/n/10.95 https : / / habr . com / ru / 
companies /
 []


Underfull \hbox (badness 7981) in paragraph at lines 19--22
[]\T2A/cmr/m/n/10.95 Ci/cd.  []$\T2A/cmtt/m/n/10.95 https : / / blog . skillfac
tory . ru /
 []


Underfull \hbox (badness 10000) in paragraph at lines 29--32
[]\T2A/cmr/m/n/10.95 Ci/cd tools comparison: Jenkins,
 []


Underfull \hbox (badness 7631) in paragraph at lines 29--32
\T2A/cmr/m/n/10.95 teamcity, bamboo, travis ci, and more.
 []


Underfull \hbox (badness 10000) in paragraph at lines 29--32
[]$\T2A/cmtt/m/n/10.95 https : / / www . altexsoft . com / blog /
 []


Underfull \hbox (badness 4713) in paragraph at lines 29--32
\T2A/cmtt/m/n/10.95 cicd-[]tools-[]comparison/$[]\T2A/cmr/m/n/10.95 .  [Accesse
d 20-
 []


Underfull \hbox (badness 3009) in paragraph at lines 34--41
\T2A/cmr/m/n/10.95 Agarinis, Fred Harbinski, Yann Abraham,
 []


Underfull \hbox (badness 10000) in paragraph at lines 34--41
\T2A/cmr/m/n/10.95 Jeremy Jenkins, Nicholas Holway, John
 []


Underfull \hbox (badness 3343) in paragraph at lines 34--41
\T2A/cmr/m/n/10.95 as a scientific data and image-processing
 []


Underfull \hbox (badness 10000) in paragraph at lines 43--47
[]\T2A/cmr/m/n/10.95 The architecture of jenkins
 []


Underfull \hbox (badness 10000) in paragraph at lines 43--47
\T2A/cmr/m/n/10.95 plugins.  []$\T2A/cmtt/m/n/10.95 https : / / subscription .
 []


Underfull \hbox (badness 10000) in paragraph at lines 43--47
\T2A/cmtt/m/n/10.95 packtpub . com / book / programming /
 []


Underfull \hbox (badness 10000) in paragraph at lines 43--47
\T2A/cmtt/m/n/10.95 9781784390891 / 10 / ch10lvl1sec62 /
 []


Underfull \hbox (badness 10000) in paragraph at lines 43--47
\T2A/cmtt/m/n/10.95 the-[]architecture-[]of-[]jenkins-[]plugins$[]\T2A/cmr/m/n/
10.95 .
 []


Underfull \hbox (badness 10000) in paragraph at lines 54--57
[]\T2A/cmr/m/n/10.95 Тестирование ПО: суть про-фес-
 []


Underfull \hbox (badness 10000) in paragraph at lines 54--57
\T2A/cmr/m/n/10.95 сии, тре-бо-ва-ния и за-ра-бот-ная пла-та.
 []


Underfull \hbox (badness 10000) in paragraph at lines 54--57
[]$\T2A/cmtt/m/n/10.95 https : / / habr . com / ru / companies / habr _
 []


Underfull \hbox (badness 4378) in paragraph at lines 64--66
[]\T2A/cmr/m/n/10.95 Abhishek Pathare.  Tutorial: Developing
 []

)

Package fancyhdr Warning: \headheight is too small (12.0pt): 
(fancyhdr)                Make it at least 13.59999pt, for example:
(fancyhdr)                \setlength{\headheight}{13.59999pt}.
(fancyhdr)                You might also make \topmargin smaller to compensate:

(fancyhdr)                \addtolength{\topmargin}{-1.59999pt}.

[22] (./report_19_09 (1).aux)
 ***********
LaTeX2e <2023-06-01> patch level 1
L3 programming layer <2023-08-29>
 ***********


LaTeX Warning: There were undefined references.

Package rerunfilecheck Info: File `"report_19_09 (1)".out' has not changed.
(rerunfilecheck)             Checksum: D41D8CD98F00B204E9800998ECF8427E;0.
 ) 
Here is how much of TeX's memory you used:
 12245 strings out of 474927
 184543 string characters out of 5763541
 1941785 words of memory out of 5000000
 33530 multiletter control sequences out of 15000+600000
 581972 words of font info for 92 fonts, out of 8000000 for 9000
 1141 hyphenation exceptions out of 8191
 75i,15n,79p,1997b,529s stack positions out of 10000i,1000n,20000p,200000b,200000s
<c:/texlive/2023/texmf-dist/fonts/type1/public/amsfonts/cm/cmbx10.pfb><c:/tex
live/2023/texmf-dist/fonts/type1/public/amsfonts/cm/cmmi6.pfb><c:/texlive/2023/
texmf-dist/fonts/type1/public/amsfonts/cm/cmmi9.pfb><c:/texlive/2023/texmf-dist
/fonts/type1/public/amsfonts/cm/cmr6.pfb><c:/texlive/2023/texmf-dist/fonts/type
1/public/amsfonts/cm/cmr9.pfb><c:/texlive/2023/texmf-dist/fonts/type1/public/am
sfonts/cm/cmsy10.pfb><c:/texlive/2023/texmf-dist/fonts/type1/public/amsfonts/cm
/cmsy8.pfb><c:/texlive/2023/texmf-dist/fonts/type1/public/cm-super/sfbx0900.pfb
><c:/texlive/2023/texmf-dist/fonts/type1/public/cm-super/sfbx1000.pfb><c:/texli
ve/2023/texmf-dist/fonts/type1/public/cm-super/sfbx1095.pfb><c:/texlive/2023/te
xmf-dist/fonts/type1/public/cm-super/sfbx1200.pfb><c:/texlive/2023/texmf-dist/f
onts/type1/public/cm-super/sfbx1440.pfb><c:/texlive/2023/texmf-dist/fonts/type1
/public/cm-super/sfrm0900.pfb><c:/texlive/2023/texmf-dist/fonts/type1/public/cm
-super/sfrm1000.pfb><c:/texlive/2023/texmf-dist/fonts/type1/public/cm-super/sfr
m1095.pfb><c:/texlive/2023/texmf-dist/fonts/type1/public/cm-super/sfsl0900.pfb>
<c:/texlive/2023/texmf-dist/fonts/type1/public/cm-super/sfsl1095.pfb><c:/texliv
e/2023/texmf-dist/fonts/type1/public/cm-super/sfsl1200.pfb><c:/texlive/2023/tex
mf-dist/fonts/type1/public/cm-super/sfti0900.pfb><c:/texlive/2023/texmf-dist/fo
nts/type1/public/cm-super/sfti1095.pfb><c:/texlive/2023/texmf-dist/fonts/type1/
public/cm-super/sfti1200.pfb><c:/texlive/2023/texmf-dist/fonts/type1/public/cm-
super/sftt1095.pfb>
Output written on "report_19_09 (1).pdf" (20 pages, 905198 bytes).
PDF statistics:
 328 PDF objects out of 1000 (max. 8388607)
 242 compressed objects within 3 object streams
 75 named destinations out of 1000 (max. 500000)
 41 words of extra memory for PDF output out of 10000 (max. 10000000)

